Fase 2 вЂ” 5-blokks sampler, 20 parametre
  Blokk 1 (3 param): {h_c, psi_R, psi_P1}
  Blokk 2 (4 param): {rho_A, rho_C, rho_O, rho_rp}
  Blokk 3 (4 param): {rho_Ys, rho_H, psi_Y, sigma_Ys}
  Blokk 4 (6 param): {sigma_C, sigma_O, sigma_rp, sigma_i, sigma_P, sigma_H}
  Blokk 5 (3 param): {phi_I1, phi_I2, phi_u}
Krav: PSRF < 1.05, ESS/n > 0.02 per parameter

Start lp = 3573.83
  Logit-reparametrisering AKTIV for: ('h_c', 'psi_R')

=================================================================
  NEMO v3 вЂ” ADAPTIV MCMC v2 (sigma_A fast=0.006)
  T_pre=75 kv  T_post=15 kv  N=20 param
  Produksjon=200,000  Burn-in=20,000
  Startscale=0.5000  PSRF-krav<1.05
  Blokksampling: {h_c,psi_R,psi_P1} | {rho_A,rho_C,rho_O,rho_rp} | {rho_Ys,rho_H,psi_Y,sigma_Ys} | {sigma_C,sigma_O,sigma_rp,sigma_i,sigma_P,sigma_H} | {phi_I1,phi_I2,phi_u}
=================================================================

  Startverdi log-posterior: 3565.84

--- FASE 1: Adaptiv burn-in (20,000 trekk) ---
  [   5000/20000] acc=0.234  lp=3558.9  scale=0.3526  gjenstГҐrв‰€3.0min  [BURN-IN]
  [  10000/20000] acc=0.238  lp=3559.1  scale=0.3755  gjenstГҐrв‰€2.1min  [BURN-IN]
  [  15000/20000] acc=0.240  lp=3561.5  scale=0.3870  gjenstГҐrв‰€1.0min  [BURN-IN]
  [  20000/20000] acc=0.242  lp=3554.6  scale=0.3829  gjenstГҐrв‰€0.0min  [BURN-IN]
  Ferdig. acc=0.242  scale=0.3829
  Empirisk kovarians aktivert. Sterkeste korrelasjoner:

--- FASE 2: KonvergensovervГҐkning ---

  Sjekk runde 0: IKKE OK вЂ” PSRF=1.211, ESS=27
  Problemer: ['rho_A', 'rho_C', 'rho_O', 'rho_Ys', 'rho_rp', 'rho_H']
  Rekalibrering 1: scaleв†’3.0000. Ekstra burn-in (10,000 trekk)...
  [   5000/10000] acc=0.934  lp=3556.2  scale=0.9504  gjenstГҐrв‰€5.3min  [REKALIB-1]
  [  10000/10000] acc=1.069  lp=3559.1  scale=0.9504  gjenstГҐrв‰€0.0min  [REKALIB-1]
  Ekstra burn-in ferdig. acc=0.214

  Sjekk runde 1: IKKE OK вЂ” PSRF=1.178, ESS=41
  Problemer: ['rho_A', 'rho_C', 'rho_O', 'rho_Ys', 'rho_rp', 'rho_H']
  Rekalibrering 2: scaleв†’2.8512. Ekstra burn-in (10,000 trekk)...
  [   5000/10000] acc=1.028  lp=3558.4  scale=0.9033  gjenstГҐrв‰€5.3min  [REKALIB-2]
  [  10000/10000] acc=1.147  lp=3567.4  scale=0.9033  gjenstГҐrв‰€0.0min  [REKALIB-2]
  Ekstra burn-in ferdig. acc=0.229

  Sjekk runde 2: IKKE OK вЂ” PSRF=1.054, ESS=247
  Problemer: ['rho_A', 'rho_C', 'rho_O', 'rho_rp']
  Rekalibrering 3: scaleв†’2.7098. Ekstra burn-in (10,000 trekk)...
  [   5000/10000] acc=1.014  lp=3553.7  scale=0.8585  gjenstГҐrв‰€5.2min  [REKALIB-3]
  [  10000/10000] acc=1.108  lp=3559.8  scale=0.9443  gjenstГҐrв‰€0.0min  [REKALIB-3]
  Ekstra burn-in ferdig. acc=0.222

  Sjekk runde 3: IKKE OK вЂ” PSRF=1.026, ESS=155
  Problemer: ['rho_A', 'rho_C', 'rho_rp']
  Maks rekalibreringer nГҐdd. Fortsetter.

--- FASE 3: ProduksjonskjГёring (200,000 trekk) ---
  Endelig scale: 0.9443
  [   5000/200000] acc=1.084  lp=3564.8  scale=0.9443  gjenstГҐrв‰€206.4min  [PROD]
  [  10000/200000] acc=1.117  lp=3562.5  scale=0.9443  gjenstГҐrв‰€205.2min  [PROD]
  [  15000/200000] acc=1.127  lp=3554.7  scale=0.9443  gjenstГҐrв‰€200.8min  [PROD]
  [  20000/200000] acc=1.124  lp=3558.2  scale=0.9443  konv=PSRF=1.07 ESS=62  gjenstГҐrв‰€195.6min
  [  25000/200000] acc=1.110  lp=3558.0  scale=0.9443  gjenstГҐrв‰€189.7min  [PROD]
  [  30000/200000] acc=1.113  lp=3562.4  scale=0.9443  gjenstГҐrв‰€184.5min  [PROD]
  [  35000/200000] acc=1.119  lp=3560.4  scale=0.9443  gjenstГҐrв‰€179.4min  [PROD]
  [  40000/200000] acc=1.125  lp=3552.4  scale=0.9443  konv=PSRF=1.03 ESS=190  gjenstГҐrв‰€174.2min
  [  45000/200000] acc=1.133  lp=3555.7  scale=0.9443  gjenstГҐrв‰€169.2min  [PROD]
  [  50000/200000] acc=1.137  lp=3559.3  scale=0.9443  gjenstГҐrв‰€163.8min  [PROD]
  [  55000/200000] acc=1.137  lp=3556.8  scale=0.9443  gjenstГҐrв‰€158.3min  [PROD]
  [  60000/200000] acc=1.140  lp=3558.0  scale=0.9443  konv=PSRF=1.01 ESS=334  gjenstГҐrв‰€152.7min
  [  65000/200000] acc=1.141  lp=3554.4  scale=0.9443  gjenstГҐrв‰€147.2min  [PROD]
  [  70000/200000] acc=1.141  lp=3559.6  scale=0.9443  gjenstГҐrв‰€141.8min  [PROD]
  [  75000/200000] acc=1.146  lp=3561.6  scale=0.9443  gjenstГҐrв‰€136.8min  [PROD]
  [  80000/200000] acc=1.147  lp=3561.7  scale=0.9443  konv=PSRF=1.01 ESS=510  gjenstГҐrв‰€131.4min
  [  85000/200000] acc=1.149  lp=3560.1  scale=0.9443  gjenstГҐrв‰€125.9min  [PROD]
  [  90000/200000] acc=1.152  lp=3559.7  scale=0.9443  gjenstГҐrв‰€120.6min  [PROD]
  [  95000/200000] acc=1.152  lp=3560.7  scale=0.9443  gjenstГҐrв‰€115.1min  [PROD]
  [ 100000/200000] acc=1.152  lp=3563.6  scale=0.9443  konv=PSRF=1.01 ESS=771  gjenstГҐrв‰€109.7min
  [ 105000/200000] acc=1.153  lp=3560.3  scale=0.9443  gjenstГҐrв‰€104.2min  [PROD]
  [ 110000/200000] acc=1.153  lp=3559.4  scale=0.9443  gjenstГҐrв‰€98.8min  [PROD]
  [ 115000/200000] acc=1.152  lp=3563.2  scale=0.9443  gjenstГҐrв‰€93.3min  [PROD]
  [ 120000/200000] acc=1.153  lp=3560.3  scale=0.9443  konv=PSRF=1.01 ESS=1042  gjenstГҐrв‰€87.9min
  [ 125000/200000] acc=1.156  lp=3561.2  scale=0.9443  gjenstГҐrв‰€82.4min  [PROD]
  [ 130000/200000] acc=1.155  lp=3552.7  scale=0.9443  gjenstГҐrв‰€76.9min  [PROD]
  [ 135000/200000] acc=1.154  lp=3562.2  scale=0.9443  gjenstГҐrв‰€71.4min  [PROD]
  [ 140000/200000] acc=1.155  lp=3558.4  scale=0.9443  konv=PSRF=1.01 ESS=1271  gjenstГҐrв‰€66.0min
  [ 145000/200000] acc=1.155  lp=3561.9  scale=0.9443  gjenstГҐrв‰€60.5min  [PROD]
  [ 150000/200000] acc=1.156  lp=3561.1  scale=0.9443  gjenstГҐrв‰€55.0min  [PROD]
  [ 155000/200000] acc=1.157  lp=3550.3  scale=0.9443  gjenstГҐrв‰€49.5min  [PROD]
  [ 160000/200000] acc=1.156  lp=3558.2  scale=0.9443  konv=PSRF=1.00 ESS=1623  gjenstГҐrв‰€44.0min
  [ 165000/200000] acc=1.157  lp=3567.6  scale=0.9443  gjenstГҐrв‰€38.5min  [PROD]
  [ 170000/200000] acc=1.157  lp=3561.3  scale=0.9443  gjenstГҐrв‰€33.0min  [PROD]
  [ 175000/200000] acc=1.158  lp=3558.9  scale=0.9443  gjenstГҐrв‰€27.5min  [PROD]
  [ 180000/200000] acc=1.157  lp=3558.1  scale=0.9443  konv=PSRF=1.00 ESS=1940  gjenstГҐrв‰€22.0min
  [ 185000/200000] acc=1.158  lp=3556.6  scale=0.9443  gjenstГҐrв‰€16.5min  [PROD]
