Fase 2 C3-fix — 18 frie parametre
phi_I1=4.0 (fast), sigma_rp=0.006 (fast, K&M)
psi_R prior: Beta(2,2) på (0.01, 0.92)
psi_R startpunkt: 0.8423 (innenfor ny prior 0.92)

Start lp = 3391.81
  Logit-reparametrisering AKTIV for: ('h_c', 'psi_R')

=================================================================
  NEMO v3 — ADAPTIV MCMC v2 (sigma_A fast=0.006)
  T_pre=75 kv  T_post=15 kv  N=18 param
  Produksjon=200,000  Burn-in=20,000
  Startscale=0.5000  PSRF-krav<1.05
  Blokksampling: {h_c,psi_R,psi_P1} | {rho_A,rho_C,rho_O,rho_rp} | {rho_Ys,rho_H,psi_Y,sigma_Ys} | {sigma_C,sigma_O,sigma_i,sigma_P,sigma_H} | {phi_I2,phi_u}
=================================================================

  Startverdi log-posterior: 3384.71

--- FASE 1: Adaptiv burn-in (20,000 trekk) ---
  [   5000/20000] acc=0.221  lp=3392.6  scale=0.2372  gjenstår≈2.5min  [BURN-IN]
  [  10000/20000] acc=0.248  lp=3390.9  scale=0.3857  gjenstår≈1.9min  [BURN-IN]
  [  15000/20000] acc=0.244  lp=3392.2  scale=0.3080  gjenstår≈0.9min  [BURN-IN]
  [  20000/20000] acc=0.250  lp=3394.2  scale=0.3571  gjenstår≈0.0min  [BURN-IN]
  Ferdig. acc=0.250  scale=0.3571
  Empirisk kovarians aktivert. Sterkeste korrelasjoner:
    sigma_C    ↔ h_c       : r=-0.604

--- FASE 2: Konvergensovervåkning ---

  Sjekk runde 0: IKKE OK — PSRF=1.238, ESS=27
  Problemer: ['rho_A', 'rho_C', 'rho_O', 'rho_Ys', 'rho_rp', 'rho_H']
  Rekalibrering 1: scale→3.0000. Ekstra burn-in (10,000 trekk)...
