Fase 2 postfix вЂ” 19 frie parametre
phi_I1 = 4.0 (fast)
Modell: A4a + A4c + CEE + A5 + LTV-fortegnsfix
Prior psi_R: Beta(2,2) pГҐ (0.01, 0.85) вЂ” innstrammet
psi_R startpunkt: 0.9637 в†’ 0.74 (klampet for ny prior)

Start lp = 3355.57
  Logit-reparametrisering AKTIV for: ('h_c', 'psi_R')

=================================================================
  NEMO v3 вЂ” ADAPTIV MCMC v2 (sigma_A fast=0.006)
  T_pre=75 kv  T_post=15 kv  N=19 param
  Produksjon=200,000  Burn-in=20,000
  Startscale=0.5000  PSRF-krav<1.05
  Blokksampling: {h_c,psi_R,psi_P1} | {rho_A,rho_C,rho_O,rho_rp} | {rho_Ys,rho_H,psi_Y,sigma_Ys} | {sigma_C,sigma_O,sigma_rp,sigma_i,sigma_P,sigma_H} | {phi_I2,phi_u}
=================================================================

  Startverdi log-posterior: 3348.78

--- FASE 1: Adaptiv burn-in (20,000 trekk) ---
  [   5000/20000] acc=0.246  lp=3436.1  scale=0.3778  gjenstГҐrв‰€2.8min  [BURN-IN]
  [  10000/20000] acc=0.245  lp=3434.3  scale=0.3862  gjenstГҐrв‰€1.9min  [BURN-IN]
  [  15000/20000] acc=0.247  lp=3432.7  scale=0.3257  gjenstГҐrв‰€0.9min  [BURN-IN]
  [  20000/20000] acc=0.254  lp=3433.8  scale=0.3995  gjenstГҐrв‰€0.0min  [BURN-IN]
  Ferdig. acc=0.254  scale=0.3995
  Empirisk kovarians aktivert. Sterkeste korrelasjoner:
    h_c        в†” sigma_C   : r=-0.766

--- FASE 2: KonvergensovervГҐkning ---

  Sjekk runde 0: IKKE OK вЂ” PSRF=1.133, ESS=33
  Problemer: ['rho_A', 'rho_C', 'rho_O', 'rho_Ys', 'rho_rp', 'rho_H']
  Rekalibrering 1: scaleв†’3.0000. Ekstra burn-in (10,000 trekk)...
  [   5000/10000] acc=0.967  lp=3434.5  scale=0.8364  gjenstГҐrв‰€5.8min  [REKALIB-1]
  [  10000/10000] acc=1.084  lp=3437.4  scale=0.8096  gjenstГҐrв‰€0.0min  [REKALIB-1]
  Ekstra burn-in ferdig. acc=0.217

  Sjekk runde 1: IKKE OK вЂ” PSRF=1.175, ESS=32
  Problemer: ['rho_A', 'rho_C', 'rho_O', 'rho_Ys', 'rho_rp', 'rho_H']
  Rekalibrering 2: scaleв†’2.4288. Ekstra burn-in (10,000 trekk)...
  [   5000/10000] acc=1.059  lp=3427.7  scale=0.9310  gjenstГҐrв‰€5.1min  [REKALIB-2]
  [  10000/10000] acc=1.106  lp=3436.1  scale=0.9012  gjenstГҐrв‰€0.0min  [REKALIB-2]
  Ekstra burn-in ferdig. acc=0.221

  Sjekk runde 2: IKKE OK вЂ” PSRF=1.016, ESS=94
  Problemer: ['rho_A', 'rho_C', 'rho_O', 'rho_rp', 'phi_I2', 'phi_u']
  Rekalibrering 3: scaleв†’2.7037. Ekstra burn-in (10,000 trekk)...
  [   5000/10000] acc=1.023  lp=3436.6  scale=0.9120  gjenstГҐrв‰€5.1min  [REKALIB-3]
  [  10000/10000] acc=1.071  lp=3436.5  scale=0.8026  gjenstГҐrв‰€0.0min  [REKALIB-3]
  Ekstra burn-in ferdig. acc=0.214

  Sjekk runde 3: IKKE OK вЂ” PSRF=1.021, ESS=116
  Problemer: ['rho_A', 'rho_C', 'rho_rp', 'phi_I2', 'phi_u']
  Maks rekalibreringer nГҐdd. Fortsetter.

--- FASE 3: ProduksjonskjГёring (200,000 trekk) ---
  Endelig scale: 0.8026
  [   5000/200000] acc=1.301  lp=3429.7  scale=0.8026  gjenstГҐrв‰€211.0min  [PROD]
  [  10000/200000] acc=1.316  lp=3432.5  scale=0.8026  gjenstГҐrв‰€206.4min  [PROD]
