Fase 2 phi_I1-fix вЂ” 19 frie parametre
phi_I1 = 4.0 (fast, K&M-verdi)
Blokker: {h_c,psi_R,psi_P1} | AR | rho_Ys-klynge | sigma | {phi_I2,phi_u}

Start lp = 3474.47
  Logit-reparametrisering AKTIV for: ('h_c', 'psi_R')

=================================================================
  NEMO v3 вЂ” ADAPTIV MCMC v2 (sigma_A fast=0.006)
  T_pre=75 kv  T_post=15 kv  N=19 param
  Produksjon=200,000  Burn-in=20,000
  Startscale=0.5000  PSRF-krav<1.05
  Blokksampling: {h_c,psi_R,psi_P1} | {rho_A,rho_C,rho_O,rho_rp} | {rho_Ys,rho_H,psi_Y,sigma_Ys} | {sigma_C,sigma_O,sigma_rp,sigma_i,sigma_P,sigma_H} | {phi_I2,phi_u}
=================================================================

  Startverdi log-posterior: 3466.48

--- FASE 1: Adaptiv burn-in (20,000 trekk) ---
  [   5000/20000] acc=0.220  lp=3479.0  scale=0.3764  gjenstГҐrв‰€3.3min  [BURN-IN]
  [  10000/20000] acc=0.229  lp=3477.5  scale=0.2767  gjenstГҐrв‰€2.0min  [BURN-IN]
  [  15000/20000] acc=0.236  lp=3483.0  scale=0.2688  gjenstГҐrв‰€1.0min  [BURN-IN]
  [  20000/20000] acc=0.232  lp=3484.3  scale=0.1360  gjenstГҐrв‰€0.0min  [BURN-IN]
  Ferdig. acc=0.232  scale=0.1360
  Empirisk kovarians aktivert. Sterkeste korrelasjoner:
    sigma_O    в†” phi_u     : r=+0.851

--- FASE 2: KonvergensovervГҐkning ---

  Sjekk runde 0: IKKE OK вЂ” PSRF=3.555, ESS=21
  Problemer: ['rho_A', 'rho_C', 'rho_O', 'rho_Ys', 'rho_rp', 'rho_H']
  Rekalibrering 1: scaleв†’3.0000. Ekstra burn-in (10,000 trekk)...
  [   5000/10000] acc=1.026  lp=3483.7  scale=1.0687  gjenstГҐrв‰€5.9min  [REKALIB-1]
  [  10000/10000] acc=1.123  lp=3484.6  scale=0.9404  gjenstГҐrв‰€0.0min  [REKALIB-1]
  Ekstra burn-in ferdig. acc=0.225

  Sjekk runde 1: IKKE OK вЂ” PSRF=1.163, ESS=36
  Problemer: ['rho_A', 'rho_C', 'rho_O', 'rho_Ys', 'rho_rp', 'rho_H']
  Rekalibrering 2: scaleв†’2.8213. Ekstra burn-in (10,000 trekk)...
  [   5000/10000] acc=0.944  lp=3487.1  scale=0.9517  gjenstГҐrв‰€5.7min  [REKALIB-2]
  [  10000/10000] acc=1.063  lp=3490.2  scale=0.9517  gjenstГҐrв‰€0.0min  [REKALIB-2]
  Ekstra burn-in ferdig. acc=0.213

  Sjekk runde 2: IKKE OK вЂ” PSRF=1.018, ESS=284
  Problemer: ['rho_rp']
  Rekalibrering 3: scaleв†’2.8551. Ekstra burn-in (10,000 trekk)...
  [   5000/10000] acc=0.967  lp=3477.8  scale=0.9949  gjenstГҐrв‰€5.6min  [REKALIB-3]
  [  10000/10000] acc=1.065  lp=3478.5  scale=0.8755  gjenstГҐrв‰€0.0min  [REKALIB-3]
  Ekstra burn-in ferdig. acc=0.213

  Sjekk runde 3: IKKE OK вЂ” PSRF=1.016, ESS=217
  Problemer: ['sigma_C', 'h_c']
  Maks rekalibreringer nГҐdd. Fortsetter.

--- FASE 3: ProduksjonskjГёring (200,000 trekk) ---
  Endelig scale: 0.8755
  [   5000/200000] acc=1.277  lp=3488.9  scale=0.8755  gjenstГҐrв‰€240.4min  [PROD]
  [  10000/200000] acc=1.241  lp=3488.8  scale=0.8755  gjenstГҐrв‰€230.8min  [PROD]
  [  15000/200000] acc=1.233  lp=3488.6  scale=0.8755  gjenstГҐrв‰€224.8min  [PROD]
  [  20000/200000] acc=1.239  lp=3486.2  scale=0.8755  konv=PSRF=1.01 ESS=361  gjenstГҐrв‰€219.0min
  [  25000/200000] acc=1.244  lp=3486.1  scale=0.8755  gjenstГҐrв‰€213.0min  [PROD]
  [  30000/200000] acc=1.244  lp=3480.2  scale=0.8755  gjenstГҐrв‰€207.2min  [PROD]
  [  35000/200000] acc=1.242  lp=3488.8  scale=0.8755  gjenstГҐrв‰€201.2min  [PROD]
  [  40000/200000] acc=1.239  lp=3488.9  scale=0.8755  konv=PSRF=1.00 ESS=524  gjenstГҐrв‰€195.0min
  [  45000/200000] acc=1.238  lp=3487.2  scale=0.8755  gjenstГҐrв‰€188.7min  [PROD]
  [  50000/200000] acc=1.235  lp=3492.4  scale=0.8755  gjenstГҐrв‰€182.7min  [PROD]
  [  55000/200000] acc=1.233  lp=3486.9  scale=0.8755  gjenstГҐrв‰€176.5min  [PROD]
  [  60000/200000] acc=1.237  lp=3483.1  scale=0.8755  konv=PSRF=1.00 ESS=812  gjenstГҐrв‰€170.6min
  [  65000/200000] acc=1.237  lp=3481.5  scale=0.8755  gjenstГҐrв‰€164.5min  [PROD]
  [  70000/200000] acc=1.236  lp=3492.0  scale=0.8755  gjenstГҐrв‰€158.3min  [PROD]
  [  75000/200000] acc=1.239  lp=3485.8  scale=0.8755  gjenstГҐrв‰€152.2min  [PROD]
  [  80000/200000] acc=1.237  lp=3489.0  scale=0.8755  konv=PSRF=1.00 ESS=1298  gjenstГҐrв‰€146.0min
  [  85000/200000] acc=1.238  lp=3483.7  scale=0.8755  gjenstГҐrв‰€140.0min  [PROD]
  [  90000/200000] acc=1.237  lp=3484.7  scale=0.8755  gjenstГҐrв‰€133.9min  [PROD]
  [  95000/200000] acc=1.236  lp=3490.2  scale=0.8755  gjenstГҐrв‰€127.7min  [PROD]
  [ 100000/200000] acc=1.235  lp=3491.2  scale=0.8755  konv=PSRF=1.00 ESS=1690  gjenstГҐrв‰€121.6min
  [ 105000/200000] acc=1.235  lp=3480.8  scale=0.8755  gjenstГҐrв‰€115.5min  [PROD]
  [ 110000/200000] acc=1.237  lp=3485.0  scale=0.8755  gjenstГҐrв‰€109.4min  [PROD]
  [ 115000/200000] acc=1.235  lp=3487.2  scale=0.8755  gjenstГҐrв‰€103.3min  [PROD]
  [ 120000/200000] acc=1.235  lp=3484.1  scale=0.8755  konv=PSRF=1.00 ESS=2034  gjenstГҐrв‰€97.2min
  [ 125000/200000] acc=1.234  lp=3488.6  scale=0.8755  gjenstГҐrв‰€91.2min  [PROD]
  [ 130000/200000] acc=1.235  lp=3489.6  scale=0.8755  gjenstГҐrв‰€85.0min  [PROD]
  [ 135000/200000] acc=1.233  lp=3487.4  scale=0.8755  gjenstГҐrв‰€78.9min  [PROD]
  [ 140000/200000] acc=1.234  lp=3487.4  scale=0.8755  konv=PSRF=1.00 ESS=2435  gjenstГҐrв‰€72.8min
  [ 145000/200000] acc=1.235  lp=3488.7  scale=0.8755  gjenstГҐrв‰€66.6min  [PROD]
  [ 150000/200000] acc=1.236  lp=3485.6  scale=0.8755  gjenstГҐrв‰€60.5min  [PROD]
  [ 155000/200000] acc=1.237  lp=3482.8  scale=0.8755  gjenstГҐrв‰€54.5min  [PROD]
  [ 160000/200000] acc=1.236  lp=3482.8  scale=0.8755  konv=PSRF=1.00 ESS=2861  gjenstГҐrв‰€48.4min
  [ 165000/200000] acc=1.236  lp=3481.2  scale=0.8755  gjenstГҐrв‰€42.3min  [PROD]
